<?xml version="1.0" encoding="UTF-8"?>
<testsuite name="se.sdaproject.LinkedListTests" tests="4" skipped="0" failures="0" errors="0" timestamp="2021-03-08T15:16:19" hostname="SDA-Lund-70-mbpro" time="0.031">
  <properties/>
  <testcase name="searchNumberFromList()" classname="se.sdaproject.LinkedListTests" time="0.02"/>
  <testcase name="addANumberToList()" classname="se.sdaproject.LinkedListTests" time="0.007"/>
  <testcase name="addsTwoNumbers()" classname="se.sdaproject.LinkedListTests" time="0.001"/>
  <testcase name="testToStringOfEmptyList()" classname="se.sdaproject.LinkedListTests" time="0.001"/>
  <system-out><![CDATA[]]></system-out>
  <system-err><![CDATA[]]></system-err>
</testsuite>
